0 verbose cli /usr/bin/node /usr/bin/npm
1 info using npm@9.2.0
2 info using node@v18.19.1
3 timing npm:load:whichnode Completed in 0ms
4 timing config:load:defaults Completed in 3ms
5 timing config:load:file:/usr/share/nodejs/npm/npmrc Completed in 8ms
6 timing config:load:builtin Completed in 8ms
7 timing config:load:cli Completed in 4ms
8 timing config:load:env Completed in 0ms
9 timing config:load:file:/home/max/Docker/User_Service_API/.npmrc Completed in 0ms
10 timing config:load:project Completed in 1ms
11 timing config:load:file:/home/max/.npmrc Completed in 1ms
12 timing config:load:user Completed in 2ms
13 timing config:load:file:/etc/npmrc Completed in 0ms
14 timing config:load:global Completed in 0ms
15 timing config:load:setEnvs Completed in 1ms
16 timing config:load Completed in 21ms
17 timing npm:load:configload Completed in 21ms
18 timing npm:load:mkdirpcache Completed in 2ms
19 timing npm:load:mkdirplogs Completed in 1ms
20 verbose title npm install express
21 verbose argv "install" "--save" "express"
22 timing npm:load:setTitle Completed in 3ms
23 timing config:load:flatten Completed in 10ms
24 timing npm:load:display Completed in 10ms
25 verbose logfile logs-max:10 dir:/home/max/.npm/_logs/2024-12-26T16_14_04_169Z-
26 verbose logfile /home/max/.npm/_logs/2024-12-26T16_14_04_169Z-debug-0.log
27 timing npm:load:logFile Completed in 10ms
28 timing npm:load:timers Completed in 0ms
29 timing npm:load:configScope Completed in 0ms
30 timing npm:load Completed in 49ms
31 silly logfile done cleaning log files
32 timing config:load:flatten Completed in 0ms
33 timing arborist:ctor Completed in 0ms
34 timing arborist:ctor Completed in 1ms
35 timing idealTree:init Completed in 28ms
36 timing idealTree:userRequests Completed in 8ms
37 silly idealTree buildDeps
38 silly fetch manifest express@*
39 http fetch GET 200 https://registry.npmjs.org/express 235ms (cache miss)
40 silly placeDep ROOT express@4.21.2 OK for: user_service_api@1.0.0 want: *
41 silly fetch manifest qs@6.13.0
42 silly fetch manifest depd@2.0.0
43 silly fetch manifest etag@~1.8.1
44 silly fetch manifest send@0.19.0
45 silly fetch manifest vary@~1.1.2
46 silly fetch manifest debug@2.6.9
47 silly fetch manifest fresh@0.5.2
48 silly fetch manifest cookie@0.7.1
49 silly fetch manifest accepts@~1.3.8
50 silly fetch manifest methods@~1.1.2
51 silly fetch manifest type-is@~1.6.18
52 silly fetch manifest parseurl@~1.3.3
53 silly fetch manifest statuses@2.0.1
54 silly fetch manifest encodeurl@~2.0.0
55 silly fetch manifest proxy-addr@~2.0.7
56 silly fetch manifest body-parser@1.20.3
57 silly fetch manifest escape-html@~1.0.3
58 silly fetch manifest http-errors@2.0.0
59 silly fetch manifest on-finished@2.4.1
60 silly fetch manifest safe-buffer@5.2.1
61 silly fetch manifest utils-merge@1.0.1
62 silly fetch manifest content-type@~1.0.4
63 silly fetch manifest finalhandler@1.3.1
64 silly fetch manifest range-parser@~1.2.1
65 silly fetch manifest serve-static@1.16.2
66 silly fetch manifest array-flatten@1.1.1
67 silly fetch manifest path-to-regexp@0.1.12
68 silly fetch manifest setprototypeof@1.2.0
69 silly fetch manifest cookie-signature@1.0.6
70 silly fetch manifest merge-descriptors@1.0.3
71 silly fetch manifest content-disposition@0.5.4
72 http fetch GET 200 https://registry.npmjs.org/qs 141ms (cache miss)
73 http fetch GET 200 https://registry.npmjs.org/depd 156ms (cache miss)
74 http fetch GET 200 https://registry.npmjs.org/methods 327ms (cache miss)
75 http fetch GET 200 https://registry.npmjs.org/parseurl 332ms (cache miss)
76 http fetch GET 200 https://registry.npmjs.org/fresh 335ms (cache miss)
77 http fetch GET 200 https://registry.npmjs.org/escape-html 330ms (cache miss)
78 http fetch GET 200 https://registry.npmjs.org/encodeurl 333ms (cache miss)
79 http fetch GET 200 https://registry.npmjs.org/etag 341ms (cache miss)
80 http fetch GET 200 https://registry.npmjs.org/vary 344ms (cache miss)
81 http fetch GET 200 https://registry.npmjs.org/utils-merge 332ms (cache miss)
82 http fetch GET 200 https://registry.npmjs.org/statuses 341ms (cache miss)
83 http fetch GET 200 https://registry.npmjs.org/on-finished 339ms (cache miss)
84 http fetch GET 200 https://registry.npmjs.org/content-type 340ms (cache miss)
85 http fetch GET 200 https://registry.npmjs.org/setprototypeof 335ms (cache miss)
86 http fetch GET 200 https://registry.npmjs.org/range-parser 338ms (cache miss)
87 http fetch GET 200 https://registry.npmjs.org/content-disposition 335ms (cache miss)
88 http fetch GET 200 https://registry.npmjs.org/safe-buffer 343ms (cache miss)
89 http fetch GET 200 https://registry.npmjs.org/type-is 356ms (cache miss)
90 http fetch GET 200 https://registry.npmjs.org/array-flatten 345ms (cache miss)
91 http fetch GET 200 https://registry.npmjs.org/merge-descriptors 343ms (cache miss)
92 http fetch GET 200 https://registry.npmjs.org/proxy-addr 358ms (cache miss)
93 http fetch GET 200 https://registry.npmjs.org/cookie-signature 347ms (cache miss)
94 http fetch GET 200 https://registry.npmjs.org/accepts 363ms (cache miss)
95 http fetch GET 200 https://registry.npmjs.org/cookie 366ms (cache miss)
96 http fetch GET 200 https://registry.npmjs.org/finalhandler 356ms (cache miss)
97 http fetch GET 200 https://registry.npmjs.org/body-parser 363ms (cache miss)
98 http fetch GET 200 https://registry.npmjs.org/http-errors 364ms (cache miss)
99 http fetch GET 200 https://registry.npmjs.org/send 374ms (cache miss)
100 http fetch GET 200 https://registry.npmjs.org/serve-static 362ms (cache miss)
101 http fetch GET 200 https://registry.npmjs.org/debug 376ms (cache miss)
102 http fetch GET 200 https://registry.npmjs.org/path-to-regexp 365ms (cache miss)
103 timing idealTree:#root Completed in 647ms
104 silly placeDep ROOT accepts@1.3.8 OK for: express@4.21.2 want: ~1.3.8
105 silly placeDep ROOT array-flatten@1.1.1 OK for: express@4.21.2 want: 1.1.1
106 silly placeDep ROOT body-parser@1.20.3 OK for: express@4.21.2 want: 1.20.3
107 silly placeDep ROOT content-disposition@0.5.4 OK for: express@4.21.2 want: 0.5.4
108 silly placeDep ROOT content-type@1.0.5 OK for: express@4.21.2 want: ~1.0.4
109 silly placeDep ROOT cookie@0.7.1 OK for: express@4.21.2 want: 0.7.1
110 silly placeDep ROOT cookie-signature@1.0.6 OK for: express@4.21.2 want: 1.0.6
111 silly placeDep ROOT debug@2.6.9 OK for: express@4.21.2 want: 2.6.9
112 silly placeDep ROOT depd@2.0.0 OK for: express@4.21.2 want: 2.0.0
113 silly placeDep ROOT encodeurl@2.0.0 OK for: express@4.21.2 want: ~2.0.0
114 silly placeDep ROOT escape-html@1.0.3 OK for: express@4.21.2 want: ~1.0.3
115 silly placeDep ROOT etag@1.8.1 OK for: express@4.21.2 want: ~1.8.1
116 silly placeDep ROOT finalhandler@1.3.1 OK for: express@4.21.2 want: 1.3.1
117 silly placeDep ROOT fresh@0.5.2 OK for: express@4.21.2 want: 0.5.2
118 silly placeDep ROOT http-errors@2.0.0 OK for: express@4.21.2 want: 2.0.0
119 silly placeDep ROOT merge-descriptors@1.0.3 OK for: express@4.21.2 want: 1.0.3
120 silly placeDep ROOT methods@1.1.2 OK for: express@4.21.2 want: ~1.1.2
121 silly placeDep ROOT on-finished@2.4.1 OK for: express@4.21.2 want: 2.4.1
122 silly placeDep ROOT parseurl@1.3.3 OK for: express@4.21.2 want: ~1.3.3
123 silly placeDep ROOT path-to-regexp@0.1.12 OK for: express@4.21.2 want: 0.1.12
124 silly placeDep ROOT proxy-addr@2.0.7 OK for: express@4.21.2 want: ~2.0.7
125 silly placeDep ROOT qs@6.13.0 OK for: express@4.21.2 want: 6.13.0
126 silly placeDep ROOT range-parser@1.2.1 OK for: express@4.21.2 want: ~1.2.1
127 silly placeDep ROOT safe-buffer@5.2.1 OK for: express@4.21.2 want: 5.2.1
128 silly placeDep ROOT send@0.19.0 OK for: express@4.21.2 want: 0.19.0
129 silly placeDep ROOT serve-static@1.16.2 OK for: express@4.21.2 want: 1.16.2
130 silly placeDep ROOT setprototypeof@1.2.0 OK for: express@4.21.2 want: 1.2.0
131 silly placeDep ROOT statuses@2.0.1 OK for: express@4.21.2 want: 2.0.1
132 silly placeDep ROOT type-is@1.6.18 OK for: express@4.21.2 want: ~1.6.18
133 silly placeDep ROOT utils-merge@1.0.1 OK for: express@4.21.2 want: 1.0.1
134 silly placeDep ROOT vary@1.1.2 OK for: express@4.21.2 want: ~1.1.2
135 silly fetch manifest mime-types@~2.1.34
136 silly fetch manifest negotiator@0.6.3
137 silly fetch manifest bytes@3.1.2
138 silly fetch manifest unpipe@1.0.0
139 silly fetch manifest destroy@1.2.0
140 silly fetch manifest raw-body@2.5.2
141 silly fetch manifest iconv-lite@0.4.24
142 silly fetch manifest ms@2.0.0
143 silly fetch manifest unpipe@~1.0.0
144 silly fetch manifest inherits@2.0.4
145 silly fetch manifest toidentifier@1.0.1
146 silly fetch manifest ee-first@1.1.1
147 silly fetch manifest forwarded@0.2.0
148 silly fetch manifest ipaddr.js@1.9.1
149 silly fetch manifest side-channel@^1.0.6
150 silly fetch manifest ms@2.1.3
151 silly fetch manifest mime@1.6.0
152 silly fetch manifest encodeurl@~1.0.2
153 silly fetch manifest mime-types@~2.1.24
154 silly fetch manifest media-typer@0.3.0
155 http fetch GET 200 https://registry.npmjs.org/unpipe 219ms (cache miss)
156 http fetch GET 200 https://registry.npmjs.org/bytes 224ms (cache miss)
157 http fetch GET 200 https://registry.npmjs.org/unpipe 224ms (cache miss)
158 http fetch GET 200 https://registry.npmjs.org/toidentifier 222ms (cache miss)
159 http fetch GET 200 https://registry.npmjs.org/inherits 223ms (cache miss)
160 http fetch GET 200 https://registry.npmjs.org/forwarded 221ms (cache miss)
161 http fetch GET 200 https://registry.npmjs.org/ee-first 223ms (cache miss)
162 http fetch GET 200 https://registry.npmjs.org/destroy 233ms (cache miss)
163 http fetch GET 200 https://registry.npmjs.org/negotiator 240ms (cache miss)
164 http fetch GET 200 https://registry.npmjs.org/side-channel 228ms (cache miss)
165 http fetch GET 200 https://registry.npmjs.org/media-typer 224ms (cache miss)
166 http fetch GET 200 https://registry.npmjs.org/ms 235ms (cache miss)
167 http fetch GET 200 https://registry.npmjs.org/ipaddr.js 231ms (cache miss)
168 http fetch GET 200 https://registry.npmjs.org/mime-types 227ms (cache miss)
169 http fetch GET 200 https://registry.npmjs.org/ms 234ms (cache miss)
170 http fetch GET 200 https://registry.npmjs.org/iconv-lite 246ms (cache miss)
171 http fetch GET 200 https://registry.npmjs.org/mime-types 255ms (cache miss)
172 http fetch GET 200 https://registry.npmjs.org/raw-body 250ms (cache miss)
173 http fetch GET 200 https://registry.npmjs.org/mime 241ms (cache miss)
174 timing idealTree:node_modules/express Completed in 358ms
175 silly placeDep ROOT mime-types@2.1.35 OK for: accepts@1.3.8 want: ~2.1.34
176 silly placeDep ROOT negotiator@0.6.3 OK for: accepts@1.3.8 want: 0.6.3
177 silly fetch manifest mime-db@1.52.0
178 http fetch GET 200 https://registry.npmjs.org/mime-db 44ms (cache miss)
179 timing idealTree:node_modules/accepts Completed in 53ms
180 timing idealTree:node_modules/array-flatten Completed in 0ms
181 silly placeDep ROOT bytes@3.1.2 OK for: body-parser@1.20.3 want: 3.1.2
182 silly placeDep ROOT destroy@1.2.0 OK for: body-parser@1.20.3 want: 1.2.0
183 silly placeDep ROOT iconv-lite@0.4.24 OK for: body-parser@1.20.3 want: 0.4.24
184 silly placeDep ROOT raw-body@2.5.2 OK for: body-parser@1.20.3 want: 2.5.2
185 silly placeDep ROOT unpipe@1.0.0 OK for: body-parser@1.20.3 want: 1.0.0
186 silly fetch manifest safer-buffer@>= 2.1.2 < 3
187 http fetch GET 200 https://registry.npmjs.org/safer-buffer 50ms (cache miss)
188 timing idealTree:node_modules/body-parser Completed in 60ms
189 timing idealTree:node_modules/bytes Completed in 0ms
190 timing idealTree:node_modules/content-disposition Completed in 0ms
191 timing idealTree:node_modules/content-type Completed in 0ms
192 timing idealTree:node_modules/cookie Completed in 0ms
193 timing idealTree:node_modules/cookie-signature Completed in 0ms
194 silly placeDep ROOT ms@2.0.0 OK for: debug@2.6.9 want: 2.0.0
195 timing idealTree:node_modules/debug Completed in 2ms
196 timing idealTree:node_modules/depd Completed in 0ms
197 timing idealTree:node_modules/destroy Completed in 0ms
198 timing idealTree:node_modules/encodeurl Completed in 0ms
199 timing idealTree:node_modules/escape-html Completed in 0ms
200 timing idealTree:node_modules/etag Completed in 0ms
201 timing idealTree:node_modules/finalhandler Completed in 0ms
202 timing idealTree:node_modules/fresh Completed in 0ms
203 silly placeDep ROOT inherits@2.0.4 OK for: http-errors@2.0.0 want: 2.0.4
204 silly placeDep ROOT toidentifier@1.0.1 OK for: http-errors@2.0.0 want: 1.0.1
205 timing idealTree:node_modules/http-errors Completed in 6ms
206 silly placeDep ROOT safer-buffer@2.1.2 OK for: iconv-lite@0.4.24 want: >= 2.1.2 < 3
207 timing idealTree:node_modules/iconv-lite Completed in 3ms
208 timing idealTree:node_modules/inherits Completed in 0ms
209 timing idealTree:node_modules/merge-descriptors Completed in 0ms
210 timing idealTree:node_modules/methods Completed in 0ms
211 silly placeDep ROOT mime-db@1.52.0 OK for: mime-types@2.1.35 want: 1.52.0
212 timing idealTree:node_modules/mime-types Completed in 1ms
213 timing idealTree:node_modules/mime-db Completed in 0ms
214 timing idealTree:node_modules/ms Completed in 0ms
215 timing idealTree:node_modules/negotiator Completed in 0ms
216 silly placeDep ROOT ee-first@1.1.1 OK for: on-finished@2.4.1 want: 1.1.1
217 timing idealTree:node_modules/on-finished Completed in 1ms
218 timing idealTree:node_modules/ee-first Completed in 0ms
219 timing idealTree:node_modules/parseurl Completed in 0ms
220 timing idealTree:node_modules/path-to-regexp Completed in 0ms
221 silly placeDep ROOT forwarded@0.2.0 OK for: proxy-addr@2.0.7 want: 0.2.0
222 silly placeDep ROOT ipaddr.js@1.9.1 OK for: proxy-addr@2.0.7 want: 1.9.1
223 timing idealTree:node_modules/proxy-addr Completed in 2ms
224 timing idealTree:node_modules/forwarded Completed in 0ms
225 timing idealTree:node_modules/ipaddr.js Completed in 0ms
226 silly placeDep ROOT side-channel@1.1.0 OK for: qs@6.13.0 want: ^1.0.6
227 silly fetch manifest es-errors@^1.3.0
228 silly fetch manifest object-inspect@^1.13.3
229 silly fetch manifest side-channel-list@^1.0.0
230 silly fetch manifest side-channel-map@^1.0.1
231 silly fetch manifest side-channel-weakmap@^1.0.2
232 http fetch GET 200 https://registry.npmjs.org/object-inspect 99ms (cache miss)
233 http fetch GET 200 https://registry.npmjs.org/side-channel-list 101ms (cache miss)
234 http fetch GET 200 https://registry.npmjs.org/side-channel-weakmap 102ms (cache miss)
235 http fetch GET 200 https://registry.npmjs.org/side-channel-map 103ms (cache miss)
236 http fetch GET 200 https://registry.npmjs.org/es-errors 107ms (cache miss)
237 timing idealTree:node_modules/qs Completed in 112ms
238 timing idealTree:node_modules/range-parser Completed in 0ms
239 timing idealTree:node_modules/raw-body Completed in 0ms
240 timing idealTree:node_modules/safe-buffer Completed in 0ms
241 timing idealTree:node_modules/safer-buffer Completed in 0ms
242 silly placeDep node_modules/send encodeurl@1.0.2 OK for: send@0.19.0 want: ~1.0.2
243 silly placeDep ROOT mime@1.6.0 OK for: send@0.19.0 want: 1.6.0
244 silly placeDep node_modules/send ms@2.1.3 OK for: send@0.19.0 want: 2.1.3
245 timing idealTree:node_modules/send Completed in 12ms
246 timing idealTree:node_modules/mime Completed in 0ms
247 timing idealTree:node_modules/serve-static Completed in 0ms
248 timing idealTree:node_modules/setprototypeof Completed in 0ms
249 silly placeDep ROOT es-errors@1.3.0 OK for: side-channel@1.1.0 want: ^1.3.0
250 silly placeDep ROOT object-inspect@1.13.3 OK for: side-channel@1.1.0 want: ^1.13.3
251 silly placeDep ROOT side-channel-list@1.0.0 OK for: side-channel@1.1.0 want: ^1.0.0
252 silly placeDep ROOT side-channel-map@1.0.1 OK for: side-channel@1.1.0 want: ^1.0.1
253 silly placeDep ROOT side-channel-weakmap@1.0.2 OK for: side-channel@1.1.0 want: ^1.0.2
254 silly fetch manifest call-bound@^1.0.2
255 silly fetch manifest get-intrinsic@^1.2.5
256 http fetch GET 200 https://registry.npmjs.org/get-intrinsic 55ms (cache miss)
257 http fetch GET 200 https://registry.npmjs.org/call-bound 60ms (cache miss)
258 timing idealTree:node_modules/side-channel Completed in 72ms
259 timing idealTree:node_modules/es-errors Completed in 0ms
260 timing idealTree:node_modules/object-inspect Completed in 0ms
261 timing idealTree:node_modules/side-channel-list Completed in 0ms
262 silly placeDep ROOT call-bound@1.0.3 OK for: side-channel-map@1.0.1 want: ^1.0.2
263 silly placeDep ROOT get-intrinsic@1.2.6 OK for: side-channel-map@1.0.1 want: ^1.2.5
264 silly fetch manifest call-bind-apply-helpers@^1.0.1
265 silly fetch manifest dunder-proto@^1.0.0
266 silly fetch manifest es-define-property@^1.0.1
267 silly fetch manifest es-object-atoms@^1.0.0
268 silly fetch manifest function-bind@^1.1.2
269 silly fetch manifest gopd@^1.2.0
270 silly fetch manifest has-symbols@^1.1.0
271 silly fetch manifest hasown@^2.0.2
272 silly fetch manifest math-intrinsics@^1.0.0
273 http fetch GET 200 https://registry.npmjs.org/function-bind 83ms (cache miss)
274 http fetch GET 200 https://registry.npmjs.org/es-object-atoms 86ms (cache miss)
275 http fetch GET 200 https://registry.npmjs.org/gopd 85ms (cache miss)
276 http fetch GET 200 https://registry.npmjs.org/es-define-property 92ms (cache miss)
277 http fetch GET 200 https://registry.npmjs.org/hasown 83ms (cache miss)
278 http fetch GET 200 https://registry.npmjs.org/dunder-proto 94ms (cache miss)
279 http fetch GET 200 https://registry.npmjs.org/has-symbols 85ms (cache miss)
280 http fetch GET 200 https://registry.npmjs.org/call-bind-apply-helpers 97ms (cache miss)
281 http fetch GET 200 https://registry.npmjs.org/math-intrinsics 85ms (cache miss)
282 timing idealTree:node_modules/side-channel-map Completed in 104ms
283 silly placeDep ROOT call-bind-apply-helpers@1.0.1 OK for: call-bound@1.0.3 want: ^1.0.1
284 timing idealTree:node_modules/call-bound Completed in 3ms
285 silly placeDep ROOT function-bind@1.1.2 OK for: call-bind-apply-helpers@1.0.1 want: ^1.1.2
286 timing idealTree:node_modules/call-bind-apply-helpers Completed in 2ms
287 timing idealTree:node_modules/function-bind Completed in 0ms
288 silly placeDep ROOT dunder-proto@1.0.1 OK for: get-intrinsic@1.2.6 want: ^1.0.0
289 silly placeDep ROOT es-define-property@1.0.1 OK for: get-intrinsic@1.2.6 want: ^1.0.1
290 silly placeDep ROOT es-object-atoms@1.0.0 OK for: get-intrinsic@1.2.6 want: ^1.0.0
291 silly placeDep ROOT gopd@1.2.0 OK for: get-intrinsic@1.2.6 want: ^1.2.0
292 silly placeDep ROOT has-symbols@1.1.0 OK for: get-intrinsic@1.2.6 want: ^1.1.0
293 silly placeDep ROOT hasown@2.0.2 OK for: get-intrinsic@1.2.6 want: ^2.0.2
294 silly placeDep ROOT math-intrinsics@1.1.0 OK for: get-intrinsic@1.2.6 want: ^1.0.0
295 timing idealTree:node_modules/get-intrinsic Completed in 17ms
296 timing idealTree:node_modules/dunder-proto Completed in 0ms
297 timing idealTree:node_modules/es-define-property Completed in 0ms
298 timing idealTree:node_modules/es-object-atoms Completed in 0ms
299 timing idealTree:node_modules/gopd Completed in 0ms
300 timing idealTree:node_modules/has-symbols Completed in 0ms
301 timing idealTree:node_modules/hasown Completed in 0ms
302 timing idealTree:node_modules/math-intrinsics Completed in 0ms
303 timing idealTree:node_modules/side-channel-weakmap Completed in 0ms
304 timing idealTree:node_modules/statuses Completed in 0ms
305 timing idealTree:node_modules/toidentifier Completed in 0ms
306 silly placeDep ROOT media-typer@0.3.0 OK for: type-is@1.6.18 want: 0.3.0
307 timing idealTree:node_modules/type-is Completed in 1ms
308 timing idealTree:node_modules/media-typer Completed in 0ms
309 timing idealTree:node_modules/unpipe Completed in 0ms
310 timing idealTree:node_modules/utils-merge Completed in 0ms
311 timing idealTree:node_modules/vary Completed in 0ms
312 timing idealTree:node_modules/send/node_modules/encodeurl Completed in 0ms
313 timing idealTree:node_modules/send/node_modules/ms Completed in 0ms
314 timing idealTree:buildDeps Completed in 1460ms
315 timing idealTree:fixDepFlags Completed in 1ms
316 timing idealTree Completed in 1502ms
317 timing reify:loadTrees Completed in 1503ms
318 timing reify:diffTrees Completed in 4ms
319 silly reify moves {}
320 timing reify:retireShallow Completed in 2ms
321 timing reify:createSparse Completed in 13ms
322 timing reify:loadBundles Completed in 0ms
323 silly audit bulk request {
323 silly audit   express: [ '4.21.2' ],
323 silly audit   accepts: [ '1.3.8' ],
323 silly audit   'array-flatten': [ '1.1.1' ],
323 silly audit   'body-parser': [ '1.20.3' ],
323 silly audit   'content-disposition': [ '0.5.4' ],
323 silly audit   'content-type': [ '1.0.5' ],
323 silly audit   cookie: [ '0.7.1' ],
323 silly audit   'cookie-signature': [ '1.0.6' ],
323 silly audit   debug: [ '2.6.9' ],
323 silly audit   depd: [ '2.0.0' ],
323 silly audit   encodeurl: [ '2.0.0', '1.0.2' ],
323 silly audit   'escape-html': [ '1.0.3' ],
323 silly audit   etag: [ '1.8.1' ],
323 silly audit   finalhandler: [ '1.3.1' ],
323 silly audit   fresh: [ '0.5.2' ],
323 silly audit   'http-errors': [ '2.0.0' ],
323 silly audit   'merge-descriptors': [ '1.0.3' ],
323 silly audit   methods: [ '1.1.2' ],
323 silly audit   'on-finished': [ '2.4.1' ],
323 silly audit   parseurl: [ '1.3.3' ],
323 silly audit   'path-to-regexp': [ '0.1.12' ],
323 silly audit   'proxy-addr': [ '2.0.7' ],
323 silly audit   qs: [ '6.13.0' ],
323 silly audit   'range-parser': [ '1.2.1' ],
323 silly audit   'safe-buffer': [ '5.2.1' ],
323 silly audit   send: [ '0.19.0' ],
323 silly audit   'serve-static': [ '1.16.2' ],
323 silly audit   setprototypeof: [ '1.2.0' ],
323 silly audit   statuses: [ '2.0.1' ],
323 silly audit   'type-is': [ '1.6.18' ],
323 silly audit   'utils-merge': [ '1.0.1' ],
323 silly audit   vary: [ '1.1.2' ],
323 silly audit   'mime-types': [ '2.1.35' ],
323 silly audit   negotiator: [ '0.6.3' ],
323 silly audit   bytes: [ '3.1.2' ],
323 silly audit   destroy: [ '1.2.0' ],
323 silly audit   'iconv-lite': [ '0.4.24' ],
323 silly audit   'raw-body': [ '2.5.2' ],
323 silly audit   unpipe: [ '1.0.0' ],
323 silly audit   ms: [ '2.0.0', '2.1.3' ],
323 silly audit   inherits: [ '2.0.4' ],
323 silly audit   toidentifier: [ '1.0.1' ],
323 silly audit   'safer-buffer': [ '2.1.2' ],
323 silly audit   'mime-db': [ '1.52.0' ],
323 silly audit   'ee-first': [ '1.1.1' ],
323 silly audit   forwarded: [ '0.2.0' ],
323 silly audit   'ipaddr.js': [ '1.9.1' ],
323 silly audit   'side-channel': [ '1.1.0' ],
323 silly audit   mime: [ '1.6.0' ],
323 silly audit   'es-errors': [ '1.3.0' ],
323 silly audit   'object-inspect': [ '1.13.3' ],
323 silly audit   'side-channel-list': [ '1.0.0' ],
323 silly audit   'side-channel-map': [ '1.0.1' ],
323 silly audit   'side-channel-weakmap': [ '1.0.2' ],
323 silly audit   'call-bound': [ '1.0.3' ],
323 silly audit   'get-intrinsic': [ '1.2.6' ],
323 silly audit   'call-bind-apply-helpers': [ '1.0.1' ],
323 silly audit   'function-bind': [ '1.1.2' ],
323 silly audit   'dunder-proto': [ '1.0.1' ],
323 silly audit   'es-define-property': [ '1.0.1' ],
323 silly audit   'es-object-atoms': [ '1.0.0' ],
323 silly audit   gopd: [ '1.2.0' ],
323 silly audit   'has-symbols': [ '1.1.0' ],
323 silly audit   hasown: [ '2.0.2' ],
323 silly audit   'math-intrinsics': [ '1.1.0' ],
323 silly audit   'media-typer': [ '0.3.0' ]
323 silly audit }
324 silly tarball no local data for array-flatten@https://registry.npmjs.org/array-flatten/-/array-flatten-1.1.1.tgz. Extracting by manifest.
325 silly tarball no local data for accepts@https://registry.npmjs.org/accepts/-/accepts-1.3.8.tgz. Extracting by manifest.
326 silly tarball no local data for express@https://registry.npmjs.org/express/-/express-4.21.2.tgz. Extracting by manifest.
327 silly tarball no local data for ms@https://registry.npmjs.org/ms/-/ms-2.1.3.tgz. Extracting by manifest.
328 silly tarball no local data for encodeurl@https://registry.npmjs.org/encodeurl/-/encodeurl-1.0.2.tgz. Extracting by manifest.
329 silly tarball no local data for media-typer@https://registry.npmjs.org/media-typer/-/media-typer-0.3.0.tgz. Extracting by manifest.
330 silly tarball no local data for math-intrinsics@https://registry.npmjs.org/math-intrinsics/-/math-intrinsics-1.1.0.tgz. Extracting by manifest.
331 silly tarball no local data for hasown@https://registry.npmjs.org/hasown/-/hasown-2.0.2.tgz. Extracting by manifest.
332 silly tarball no local data for has-symbols@https://registry.npmjs.org/has-symbols/-/has-symbols-1.1.0.tgz. Extracting by manifest.
333 silly tarball no local data for gopd@https://registry.npmjs.org/gopd/-/gopd-1.2.0.tgz. Extracting by manifest.
334 silly tarball no local data for es-object-atoms@https://registry.npmjs.org/es-object-atoms/-/es-object-atoms-1.0.0.tgz. Extracting by manifest.
335 silly tarball no local data for es-define-property@https://registry.npmjs.org/es-define-property/-/es-define-property-1.0.1.tgz. Extracting by manifest.
336 silly tarball no local data for dunder-proto@https://registry.npmjs.org/dunder-proto/-/dunder-proto-1.0.1.tgz. Extracting by manifest.
337 silly tarball no local data for function-bind@https://registry.npmjs.org/function-bind/-/function-bind-1.1.2.tgz. Extracting by manifest.
338 silly tarball no local data for call-bind-apply-helpers@https://registry.npmjs.org/call-bind-apply-helpers/-/call-bind-apply-helpers-1.0.1.tgz. Extracting by manifest.
339 silly tarball no local data for get-intrinsic@https://registry.npmjs.org/get-intrinsic/-/get-intrinsic-1.2.6.tgz. Extracting by manifest.
340 silly tarball no local data for call-bound@https://registry.npmjs.org/call-bound/-/call-bound-1.0.3.tgz. Extracting by manifest.
341 silly tarball no local data for side-channel-weakmap@https://registry.npmjs.org/side-channel-weakmap/-/side-channel-weakmap-1.0.2.tgz. Extracting by manifest.
342 silly tarball no local data for side-channel-map@https://registry.npmjs.org/side-channel-map/-/side-channel-map-1.0.1.tgz. Extracting by manifest.
343 silly tarball no local data for side-channel-list@https://registry.npmjs.org/side-channel-list/-/side-channel-list-1.0.0.tgz. Extracting by manifest.
344 silly tarball no local data for object-inspect@https://registry.npmjs.org/object-inspect/-/object-inspect-1.13.3.tgz. Extracting by manifest.
345 silly tarball no local data for es-errors@https://registry.npmjs.org/es-errors/-/es-errors-1.3.0.tgz. Extracting by manifest.
346 silly tarball no local data for mime@https://registry.npmjs.org/mime/-/mime-1.6.0.tgz. Extracting by manifest.
347 silly tarball no local data for side-channel@https://registry.npmjs.org/side-channel/-/side-channel-1.1.0.tgz. Extracting by manifest.
348 silly tarball no local data for ipaddr.js@https://registry.npmjs.org/ipaddr.js/-/ipaddr.js-1.9.1.tgz. Extracting by manifest.
349 silly tarball no local data for forwarded@https://registry.npmjs.org/forwarded/-/forwarded-0.2.0.tgz. Extracting by manifest.
350 silly tarball no local data for ee-first@https://registry.npmjs.org/ee-first/-/ee-first-1.1.1.tgz. Extracting by manifest.
351 silly tarball no local data for mime-db@https://registry.npmjs.org/mime-db/-/mime-db-1.52.0.tgz. Extracting by manifest.
352 silly tarball no local data for safer-buffer@https://registry.npmjs.org/safer-buffer/-/safer-buffer-2.1.2.tgz. Extracting by manifest.
353 silly tarball no local data for toidentifier@https://registry.npmjs.org/toidentifier/-/toidentifier-1.0.1.tgz. Extracting by manifest.
354 silly tarball no local data for inherits@https://registry.npmjs.org/inherits/-/inherits-2.0.4.tgz. Extracting by manifest.
355 silly tarball no local data for ms@https://registry.npmjs.org/ms/-/ms-2.0.0.tgz. Extracting by manifest.
356 silly tarball no local data for unpipe@https://registry.npmjs.org/unpipe/-/unpipe-1.0.0.tgz. Extracting by manifest.
357 silly tarball no local data for raw-body@https://registry.npmjs.org/raw-body/-/raw-body-2.5.2.tgz. Extracting by manifest.
358 silly tarball no local data for iconv-lite@https://registry.npmjs.org/iconv-lite/-/iconv-lite-0.4.24.tgz. Extracting by manifest.
359 silly tarball no local data for destroy@https://registry.npmjs.org/destroy/-/destroy-1.2.0.tgz. Extracting by manifest.
360 silly tarball no local data for bytes@https://registry.npmjs.org/bytes/-/bytes-3.1.2.tgz. Extracting by manifest.
361 silly tarball no local data for negotiator@https://registry.npmjs.org/negotiator/-/negotiator-0.6.3.tgz. Extracting by manifest.
362 silly tarball no local data for mime-types@https://registry.npmjs.org/mime-types/-/mime-types-2.1.35.tgz. Extracting by manifest.
363 silly tarball no local data for vary@https://registry.npmjs.org/vary/-/vary-1.1.2.tgz. Extracting by manifest.
364 silly tarball no local data for utils-merge@https://registry.npmjs.org/utils-merge/-/utils-merge-1.0.1.tgz. Extracting by manifest.
365 silly tarball no local data for type-is@https://registry.npmjs.org/type-is/-/type-is-1.6.18.tgz. Extracting by manifest.
366 silly tarball no local data for statuses@https://registry.npmjs.org/statuses/-/statuses-2.0.1.tgz. Extracting by manifest.
367 silly tarball no local data for setprototypeof@https://registry.npmjs.org/setprototypeof/-/setprototypeof-1.2.0.tgz. Extracting by manifest.
368 silly tarball no local data for serve-static@https://registry.npmjs.org/serve-static/-/serve-static-1.16.2.tgz. Extracting by manifest.
369 silly tarball no local data for send@https://registry.npmjs.org/send/-/send-0.19.0.tgz. Extracting by manifest.
370 silly tarball no local data for safe-buffer@https://registry.npmjs.org/safe-buffer/-/safe-buffer-5.2.1.tgz. Extracting by manifest.
371 silly tarball no local data for range-parser@https://registry.npmjs.org/range-parser/-/range-parser-1.2.1.tgz. Extracting by manifest.
372 silly tarball no local data for qs@https://registry.npmjs.org/qs/-/qs-6.13.0.tgz. Extracting by manifest.
373 silly tarball no local data for proxy-addr@https://registry.npmjs.org/proxy-addr/-/proxy-addr-2.0.7.tgz. Extracting by manifest.
374 silly tarball no local data for path-to-regexp@https://registry.npmjs.org/path-to-regexp/-/path-to-regexp-0.1.12.tgz. Extracting by manifest.
375 silly tarball no local data for parseurl@https://registry.npmjs.org/parseurl/-/parseurl-1.3.3.tgz. Extracting by manifest.
376 silly tarball no local data for on-finished@https://registry.npmjs.org/on-finished/-/on-finished-2.4.1.tgz. Extracting by manifest.
377 silly tarball no local data for methods@https://registry.npmjs.org/methods/-/methods-1.1.2.tgz. Extracting by manifest.
378 silly tarball no local data for merge-descriptors@https://registry.npmjs.org/merge-descriptors/-/merge-descriptors-1.0.3.tgz. Extracting by manifest.
379 silly tarball no local data for http-errors@https://registry.npmjs.org/http-errors/-/http-errors-2.0.0.tgz. Extracting by manifest.
380 silly tarball no local data for fresh@https://registry.npmjs.org/fresh/-/fresh-0.5.2.tgz. Extracting by manifest.
381 silly tarball no local data for finalhandler@https://registry.npmjs.org/finalhandler/-/finalhandler-1.3.1.tgz. Extracting by manifest.
382 silly tarball no local data for etag@https://registry.npmjs.org/etag/-/etag-1.8.1.tgz. Extracting by manifest.
383 silly tarball no local data for escape-html@https://registry.npmjs.org/escape-html/-/escape-html-1.0.3.tgz. Extracting by manifest.
384 silly tarball no local data for encodeurl@https://registry.npmjs.org/encodeurl/-/encodeurl-2.0.0.tgz. Extracting by manifest.
385 silly tarball no local data for depd@https://registry.npmjs.org/depd/-/depd-2.0.0.tgz. Extracting by manifest.
386 silly tarball no local data for debug@https://registry.npmjs.org/debug/-/debug-2.6.9.tgz. Extracting by manifest.
387 silly tarball no local data for cookie-signature@https://registry.npmjs.org/cookie-signature/-/cookie-signature-1.0.6.tgz. Extracting by manifest.
388 silly tarball no local data for cookie@https://registry.npmjs.org/cookie/-/cookie-0.7.1.tgz. Extracting by manifest.
389 silly tarball no local data for content-type@https://registry.npmjs.org/content-type/-/content-type-1.0.5.tgz. Extracting by manifest.
390 silly tarball no local data for content-disposition@https://registry.npmjs.org/content-disposition/-/content-disposition-0.5.4.tgz. Extracting by manifest.
391 silly tarball no local data for body-parser@https://registry.npmjs.org/body-parser/-/body-parser-1.20.3.tgz. Extracting by manifest.
392 http fetch POST 200 https://registry.npmjs.org/-/npm/v1/security/advisories/bulk 527ms
393 timing auditReport:getReport Completed in 533ms
394 silly audit report {}
395 timing auditReport:init Completed in 3ms
396 timing reify:audit Completed in 540ms
397 http fetch GET 200 https://registry.npmjs.org/media-typer/-/media-typer-0.3.0.tgz 1132ms (cache miss)
398 timing reifyNode:node_modules/media-typer Completed in 1217ms
399 http fetch GET 200 https://registry.npmjs.org/get-intrinsic/-/get-intrinsic-1.2.6.tgz 1102ms (cache miss)
400 http fetch GET 200 https://registry.npmjs.org/math-intrinsics/-/math-intrinsics-1.1.0.tgz 1146ms (cache miss)
401 http fetch GET 200 https://registry.npmjs.org/array-flatten/-/array-flatten-1.1.1.tgz 1175ms (cache miss)
402 timing reifyNode:node_modules/array-flatten Completed in 1231ms
403 http fetch GET 200 https://registry.npmjs.org/ms/-/ms-2.1.3.tgz 1158ms (cache miss)
404 timing reifyNode:node_modules/send/node_modules/ms Completed in 1235ms
405 http fetch GET 200 https://registry.npmjs.org/toidentifier/-/toidentifier-1.0.1.tgz 1033ms (cache miss)
406 timing reifyNode:node_modules/toidentifier Completed in 1239ms
407 http fetch GET 200 https://registry.npmjs.org/hasown/-/hasown-2.0.2.tgz 1150ms (cache miss)
408 timing reifyNode:node_modules/hasown Completed in 1248ms
409 http fetch GET 200 https://registry.npmjs.org/side-channel-map/-/side-channel-map-1.0.1.tgz 1093ms (cache miss)
410 http fetch GET 200 https://registry.npmjs.org/finalhandler/-/finalhandler-1.3.1.tgz 965ms (cache miss)
411 http fetch GET 200 https://registry.npmjs.org/bytes/-/bytes-3.1.2.tgz 1029ms (cache miss)
412 timing reifyNode:node_modules/bytes Completed in 1256ms
413 http fetch GET 200 https://registry.npmjs.org/type-is/-/type-is-1.6.18.tgz 1020ms (cache miss)
414 timing reifyNode:node_modules/type-is Completed in 1261ms
415 http fetch GET 200 https://registry.npmjs.org/encodeurl/-/encodeurl-1.0.2.tgz 1181ms (cache miss)
416 timing reifyNode:node_modules/send/node_modules/encodeurl Completed in 1262ms
417 http fetch GET 200 https://registry.npmjs.org/forwarded/-/forwarded-0.2.0.tgz 1074ms (cache miss)
418 timing reifyNode:node_modules/forwarded Completed in 1266ms
419 http fetch GET 200 https://registry.npmjs.org/call-bound/-/call-bound-1.0.3.tgz 1140ms (cache miss)
420 timing reifyNode:node_modules/finalhandler Completed in 1274ms
421 http fetch GET 200 https://registry.npmjs.org/on-finished/-/on-finished-2.4.1.tgz 1000ms (cache miss)
422 timing reifyNode:node_modules/on-finished Completed in 1274ms
423 http fetch GET 200 https://registry.npmjs.org/inherits/-/inherits-2.0.4.tgz 1063ms (cache miss)
424 timing reifyNode:node_modules/inherits Completed in 1276ms
425 http fetch GET 200 https://registry.npmjs.org/ms/-/ms-2.0.0.tgz 1061ms (cache miss)
426 timing reifyNode:node_modules/ms Completed in 1280ms
427 http fetch GET 200 https://registry.npmjs.org/unpipe/-/unpipe-1.0.0.tgz 1063ms (cache miss)
428 timing reifyNode:node_modules/unpipe Completed in 1283ms
429 http fetch GET 200 https://registry.npmjs.org/safe-buffer/-/safe-buffer-5.2.1.tgz 1024ms (cache miss)
430 timing reifyNode:node_modules/safe-buffer Completed in 1283ms
431 http fetch GET 200 https://registry.npmjs.org/gopd/-/gopd-1.2.0.tgz 1187ms (cache miss)
432 http fetch GET 200 https://registry.npmjs.org/es-define-property/-/es-define-property-1.0.1.tgz 1177ms (cache miss)
433 http fetch GET 200 https://registry.npmjs.org/utils-merge/-/utils-merge-1.0.1.tgz 1050ms (cache miss)
434 timing reifyNode:node_modules/utils-merge Completed in 1291ms
435 http fetch GET 200 https://registry.npmjs.org/side-channel-weakmap/-/side-channel-weakmap-1.0.2.tgz 1149ms (cache miss)
436 http fetch GET 200 https://registry.npmjs.org/safer-buffer/-/safer-buffer-2.1.2.tgz 1090ms (cache miss)
437 timing reifyNode:node_modules/safer-buffer Completed in 1294ms
438 http fetch GET 200 https://registry.npmjs.org/content-type/-/content-type-1.0.5.tgz 888ms (cache miss)
439 timing reifyNode:node_modules/content-type Completed in 1291ms
440 http fetch GET 200 https://registry.npmjs.org/merge-descriptors/-/merge-descriptors-1.0.3.tgz 1012ms (cache miss)
441 timing reifyNode:node_modules/merge-descriptors Completed in 1295ms
442 http fetch GET 200 https://registry.npmjs.org/vary/-/vary-1.1.2.tgz 1057ms (cache miss)
443 timing reifyNode:node_modules/vary Completed in 1297ms
444 http fetch GET 200 https://registry.npmjs.org/negotiator/-/negotiator-0.6.3.tgz 1072ms (cache miss)
445 http fetch GET 200 https://registry.npmjs.org/accepts/-/accepts-1.3.8.tgz 1245ms (cache miss)
446 timing reifyNode:node_modules/accepts Completed in 1303ms
447 http fetch GET 200 https://registry.npmjs.org/side-channel-list/-/side-channel-list-1.0.0.tgz 1132ms (cache miss)
448 http fetch GET 200 https://registry.npmjs.org/serve-static/-/serve-static-1.16.2.tgz 1059ms (cache miss)
449 timing reifyNode:node_modules/serve-static Completed in 1308ms
450 timing reifyNode:node_modules/side-channel-map Completed in 1309ms
451 http fetch GET 200 https://registry.npmjs.org/proxy-addr/-/proxy-addr-2.0.7.tgz 1044ms (cache miss)
452 timing reifyNode:node_modules/proxy-addr Completed in 1312ms
453 http fetch GET 200 https://registry.npmjs.org/raw-body/-/raw-body-2.5.2.tgz 1096ms (cache miss)
454 timing reifyNode:node_modules/raw-body Completed in 1314ms
455 http fetch GET 200 https://registry.npmjs.org/etag/-/etag-1.8.1.tgz 1018ms (cache miss)
456 timing reifyNode:node_modules/etag Completed in 1314ms
457 http fetch GET 200 https://registry.npmjs.org/mime-types/-/mime-types-2.1.35.tgz 1084ms (cache miss)
458 timing reifyNode:node_modules/mime-types Completed in 1317ms
459 http fetch GET 200 https://registry.npmjs.org/statuses/-/statuses-2.0.1.tgz 1074ms (cache miss)
460 timing reifyNode:node_modules/statuses Completed in 1317ms
461 http fetch GET 200 https://registry.npmjs.org/path-to-regexp/-/path-to-regexp-0.1.12.tgz 1044ms (cache miss)
462 timing reifyNode:node_modules/path-to-regexp Completed in 1316ms
463 timing reifyNode:node_modules/get-intrinsic Completed in 1324ms
464 timing reifyNode:node_modules/call-bound Completed in 1324ms
465 http fetch GET 200 https://registry.npmjs.org/ee-first/-/ee-first-1.1.1.tgz 1128ms (cache miss)
466 timing reifyNode:node_modules/ee-first Completed in 1324ms
467 http fetch GET 200 https://registry.npmjs.org/cookie/-/cookie-0.7.1.tgz 967ms (cache miss)
468 timing reifyNode:node_modules/cookie Completed in 1322ms
469 http fetch GET 200 https://registry.npmjs.org/es-object-atoms/-/es-object-atoms-1.0.0.tgz 1224ms (cache miss)
470 timing reifyNode:node_modules/gopd Completed in 1328ms
471 timing reifyNode:node_modules/es-define-property Completed in 1328ms
472 http fetch GET 200 https://registry.npmjs.org/methods/-/methods-1.1.2.tgz 1049ms (cache miss)
473 timing reifyNode:node_modules/methods Completed in 1326ms
474 http fetch GET 200 https://registry.npmjs.org/destroy/-/destroy-1.2.0.tgz 1108ms (cache miss)
475 timing reifyNode:node_modules/destroy Completed in 1330ms
476 http fetch GET 200 https://registry.npmjs.org/setprototypeof/-/setprototypeof-1.2.0.tgz 1084ms (cache miss)
477 timing reifyNode:node_modules/setprototypeof Completed in 1330ms
478 timing reifyNode:node_modules/side-channel-weakmap Completed in 1331ms
479 http fetch GET 200 https://registry.npmjs.org/encodeurl/-/encodeurl-2.0.0.tgz 990ms (cache miss)
480 timing reifyNode:node_modules/encodeurl Completed in 1330ms
481 http fetch GET 200 https://registry.npmjs.org/escape-html/-/escape-html-1.0.3.tgz 1009ms (cache miss)
482 timing reifyNode:node_modules/escape-html Completed in 1334ms
483 http fetch GET 200 https://registry.npmjs.org/parseurl/-/parseurl-1.3.3.tgz 1062ms (cache miss)
484 timing reifyNode:node_modules/parseurl Completed in 1334ms
485 http fetch GET 200 https://registry.npmjs.org/fresh/-/fresh-0.5.2.tgz 1049ms (cache miss)
486 timing reifyNode:node_modules/fresh Completed in 1334ms
487 timing reifyNode:node_modules/negotiator Completed in 1338ms
488 http fetch GET 200 https://registry.npmjs.org/range-parser/-/range-parser-1.2.1.tgz 1077ms (cache miss)
489 timing reifyNode:node_modules/range-parser Completed in 1337ms
490 timing reifyNode:node_modules/side-channel-list Completed in 1341ms
491 http fetch GET 200 https://registry.npmjs.org/cookie-signature/-/cookie-signature-1.0.6.tgz 985ms (cache miss)
492 timing reifyNode:node_modules/cookie-signature Completed in 1338ms
493 http fetch GET 200 https://registry.npmjs.org/http-errors/-/http-errors-2.0.0.tgz 1057ms (cache miss)
494 timing reifyNode:node_modules/http-errors Completed in 1340ms
495 http fetch GET 200 https://registry.npmjs.org/content-disposition/-/content-disposition-0.5.4.tgz 941ms (cache miss)
496 timing reifyNode:node_modules/content-disposition Completed in 1346ms
497 timing reifyNode:node_modules/es-object-atoms Completed in 1355ms
498 http fetch GET 200 https://registry.npmjs.org/depd/-/depd-2.0.0.tgz 1004ms (cache miss)
499 timing reifyNode:node_modules/depd Completed in 1352ms
500 http fetch GET 200 https://registry.npmjs.org/function-bind/-/function-bind-1.1.2.tgz 1265ms (cache miss)
501 timing reifyNode:node_modules/function-bind Completed in 1382ms
502 http fetch GET 200 https://registry.npmjs.org/ipaddr.js/-/ipaddr.js-1.9.1.tgz 1205ms (cache miss)
503 timing reifyNode:node_modules/ipaddr.js Completed in 1395ms
504 http fetch GET 200 https://registry.npmjs.org/es-errors/-/es-errors-1.3.0.tgz 1213ms (cache miss)
505 http fetch GET 200 https://registry.npmjs.org/side-channel/-/side-channel-1.1.0.tgz 1208ms (cache miss)
506 timing reifyNode:node_modules/side-channel Completed in 1397ms
507 http fetch GET 200 https://registry.npmjs.org/body-parser/-/body-parser-1.20.3.tgz 982ms (cache miss)
508 http fetch GET 200 https://registry.npmjs.org/dunder-proto/-/dunder-proto-1.0.1.tgz 1285ms (cache miss)
509 timing reifyNode:node_modules/dunder-proto Completed in 1401ms
510 http fetch GET 200 https://registry.npmjs.org/call-bind-apply-helpers/-/call-bind-apply-helpers-1.0.1.tgz 1290ms (cache miss)
511 timing reifyNode:node_modules/es-errors Completed in 1409ms
512 timing reifyNode:node_modules/body-parser Completed in 1405ms
513 http fetch GET 200 https://registry.npmjs.org/send/-/send-0.19.0.tgz 1156ms (cache miss)
514 timing reifyNode:node_modules/send Completed in 1412ms
515 timing reifyNode:node_modules/call-bind-apply-helpers Completed in 1413ms
516 http fetch GET 200 https://registry.npmjs.org/has-symbols/-/has-symbols-1.1.0.tgz 1322ms (cache miss)
517 timing reifyNode:node_modules/has-symbols Completed in 1420ms
518 http fetch GET 200 https://registry.npmjs.org/debug/-/debug-2.6.9.tgz 1067ms (cache miss)
519 timing reifyNode:node_modules/debug Completed in 1417ms
520 http fetch GET 200 https://registry.npmjs.org/mime/-/mime-1.6.0.tgz 1234ms (cache miss)
521 timing reifyNode:node_modules/mime Completed in 1421ms
522 http fetch GET 200 https://registry.npmjs.org/mime-db/-/mime-db-1.52.0.tgz 1231ms (cache miss)
523 timing reifyNode:node_modules/mime-db Completed in 1429ms
524 timing reifyNode:node_modules/math-intrinsics Completed in 1439ms
525 http fetch GET 200 https://registry.npmjs.org/object-inspect/-/object-inspect-1.13.3.tgz 1263ms (cache miss)
526 timing reifyNode:node_modules/object-inspect Completed in 1445ms
527 http fetch GET 200 https://registry.npmjs.org/express/-/express-4.21.2.tgz 1380ms (cache miss)
528 timing reifyNode:node_modules/express Completed in 1447ms
529 http fetch GET 200 https://registry.npmjs.org/qs/-/qs-6.13.0.tgz 1188ms (cache miss)
530 timing reifyNode:node_modules/qs Completed in 1450ms
531 http fetch GET 200 https://registry.npmjs.org/iconv-lite/-/iconv-lite-0.4.24.tgz 1248ms (cache miss)
532 timing reifyNode:node_modules/iconv-lite Completed in 1469ms
533 timing reify:unpack Completed in 1472ms
534 timing reify:unretire Completed in 2ms
535 timing build:queue Completed in 5ms
536 timing build:link:node_modules/mime Completed in 8ms
537 timing build:link Completed in 8ms
538 timing build:deps Completed in 13ms
539 timing build Completed in 13ms
540 timing reify:build Completed in 16ms
541 timing reify:trash Completed in 0ms
542 timing reify:save Completed in 38ms
543 timing reify Completed in 3101ms
544 silly ADD node_modules/media-typer
545 silly ADD node_modules/math-intrinsics
546 silly ADD node_modules/hasown
547 silly ADD node_modules/has-symbols
548 silly ADD node_modules/gopd
549 silly ADD node_modules/es-object-atoms
550 silly ADD node_modules/es-define-property
551 silly ADD node_modules/dunder-proto
552 silly ADD node_modules/function-bind
553 silly ADD node_modules/call-bind-apply-helpers
554 silly ADD node_modules/get-intrinsic
555 silly ADD node_modules/call-bound
556 silly ADD node_modules/side-channel-weakmap
557 silly ADD node_modules/side-channel-map
558 silly ADD node_modules/side-channel-list
559 silly ADD node_modules/object-inspect
560 silly ADD node_modules/es-errors
561 silly ADD node_modules/mime
562 silly ADD node_modules/side-channel
563 silly ADD node_modules/ipaddr.js
564 silly ADD node_modules/forwarded
565 silly ADD node_modules/ee-first
566 silly ADD node_modules/mime-db
567 silly ADD node_modules/safer-buffer
568 silly ADD node_modules/toidentifier
569 silly ADD node_modules/inherits
570 silly ADD node_modules/ms
571 silly ADD node_modules/unpipe
572 silly ADD node_modules/raw-body
573 silly ADD node_modules/iconv-lite
574 silly ADD node_modules/destroy
575 silly ADD node_modules/bytes
576 silly ADD node_modules/negotiator
577 silly ADD node_modules/mime-types
578 silly ADD node_modules/vary
579 silly ADD node_modules/utils-merge
580 silly ADD node_modules/type-is
581 silly ADD node_modules/statuses
582 silly ADD node_modules/setprototypeof
583 silly ADD node_modules/serve-static
584 silly ADD node_modules/send
585 silly ADD node_modules/send/node_modules/ms
586 silly ADD node_modules/send/node_modules/encodeurl
587 silly ADD node_modules/safe-buffer
588 silly ADD node_modules/range-parser
589 silly ADD node_modules/qs
590 silly ADD node_modules/proxy-addr
591 silly ADD node_modules/path-to-regexp
592 silly ADD node_modules/parseurl
593 silly ADD node_modules/on-finished
594 silly ADD node_modules/methods
595 silly ADD node_modules/merge-descriptors
596 silly ADD node_modules/http-errors
597 silly ADD node_modules/fresh
598 silly ADD node_modules/finalhandler
599 silly ADD node_modules/etag
600 silly ADD node_modules/escape-html
601 silly ADD node_modules/encodeurl
602 silly ADD node_modules/depd
603 silly ADD node_modules/debug
604 silly ADD node_modules/cookie-signature
605 silly ADD node_modules/cookie
606 silly ADD node_modules/content-type
607 silly ADD node_modules/content-disposition
608 silly ADD node_modules/body-parser
609 silly ADD node_modules/array-flatten
610 silly ADD node_modules/accepts
611 silly ADD node_modules/express
612 timing command:install Completed in 3114ms
613 verbose exit 0
614 timing npm Completed in 3185ms
615 info ok
